[18:36:44] [Server thread/INFO]: Starting minecraft server version 1.8.9
[18:36:49] [Server thread/INFO]: Loading properties
[18:36:49] [Server thread/INFO]: Default game type: SURVIVAL
[18:36:49] [Server thread/INFO]: Generating keypair
[18:36:49] [Server thread/INFO]: Starting Minecraft server on *:25565
[18:36:49] [Server thread/INFO]: Using epoll channel type
[18:36:49] [Server thread/WARN]: **** SERVER IS RUNNING IN OFFLINE/INSECURE MODE!
[18:36:49] [Server thread/WARN]: The server will make no attempt to authenticate usernames. Beware.
[18:36:49] [Server thread/WARN]: While this makes the game possible to play without internet access, it also opens up the ability for hackers to connect with any username they choose.
[18:36:49] [Server thread/WARN]: To change this, set "online-mode" to "true" in the server.properties file.
[18:36:56] [Server thread/WARN]: Adding mismatching tag types to tag list
[18:36:56] [Server thread/WARN]: Adding mismatching tag types to tag list
[18:36:56] [Server thread/WARN]: Adding mismatching tag types to tag list
[18:36:56] [Server thread/WARN]: Adding mismatching tag types to tag list
[18:36:56] [Server thread/WARN]: Adding mismatching tag types to tag list
[18:36:56] [Server thread/WARN]: Adding mismatching tag types to tag list
[18:36:56] [Server thread/INFO]: Preparing level "world"
[18:36:58] [Server thread/INFO]: Preparing start region for level 0
[18:36:59] [Server thread/INFO]: Preparing spawn area: 3%
[18:37:00] [Server thread/INFO]: Done (3.911s)! For help, type "help" or "?"
[18:37:50] [Server thread/INFO]: SheLanza[/192.168.196.210:62700] logged in with entity id 79 at (844.6240024889116, 181.0, 1878.2750120370413)
[18:37:50] [Server thread/INFO]: SheLanza joined the game
[18:38:37] [Server thread/INFO]: SheLanza lost connection: TextComponent{text='Disconnected', siblings=[], style=Style{hasParent=false, color=null, bold=null, italic=null, underlined=null, obfuscated=null, clickEvent=null, hoverEvent=null, insertion=null}}
[18:38:37] [Server thread/INFO]: SheLanza left the game
[18:42:11] [Server thread/INFO]: SheLanza[/192.168.196.210:63097] logged in with entity id 80 at (834.855053593569, 181.0, 1883.3327946760014)
[18:42:11] [Server thread/INFO]: SheLanza joined the game
[18:43:02] [Server thread/INFO]: SheLanza lost connection: TextComponent{text='Disconnected', siblings=[], style=Style{hasParent=false, color=null, bold=null, italic=null, underlined=null, obfuscated=null, clickEvent=null, hoverEvent=null, insertion=null}}
[18:43:02] [Server thread/INFO]: SheLanza left the game
